<?xml version="1.0" encoding="UTF-8"?>
<!-- Generated by org.testng.reporters.JUnitReportReporter -->
<testsuite hostname="JAGANSRINADHU" failures="0" tests="1" name="com.jagan.org.GetCall" time="4.920" errors="0" timestamp="2023-12-11T00:38:36 IST" skipped="0">
  <testcase classname="com.jagan.org.GetCall" name="getEmployee" time="4.920"/>
</testsuite> <!-- com.jagan.org.GetCall -->
