<?xml version="1.0" encoding="UTF-8"?>
<!-- Generated by org.testng.reporters.JUnitReportReporter -->
<testsuite hostname="JAGANSRINADHU" failures="0" tests="1" name="com.restcalls.org.PostCall" time="3.539" errors="0" timestamp="2024-01-01T23:10:59 IST" skipped="0">
  <testcase classname="com.restcalls.org.PostCall" name="test" time="3.539"/>
</testsuite> <!-- com.restcalls.org.PostCall -->
