<?xml version="1.0" encoding="UTF-8"?>
<!-- Generated by org.testng.reporters.JUnitReportReporter -->
<testsuite hostname="JAGANSRINADHU" failures="0" tests="1" name="com.reports.ExtentReport" time="9.352" errors="0" timestamp="2023-12-25T23:33:09 IST" skipped="0">
  <testcase classname="com.reports.ExtentReport" name="test" time="9.352"/>
</testsuite> <!-- com.reports.ExtentReport -->
