<?xml version="1.0" encoding="UTF-8"?>
<!-- Generated by org.testng.reporters.JUnitReportReporter -->
<testsuite hostname="JAGANSRINADHU" failures="0" tests="3" name="com.restcalls.org.DataProvoderTest" time="0.077" errors="0" timestamp="2023-12-25T22:28:43 IST" skipped="0">
  <testcase classname="com.restcalls.org.DataProvoderTest" name="test1" time="0.037"/>
  <testcase classname="com.restcalls.org.DataProvoderTest" name="test1" time="0.020"/>
  <testcase classname="com.restcalls.org.DataProvoderTest" name="test1" time="0.020"/>
</testsuite> <!-- com.restcalls.org.DataProvoderTest -->
