<?xml version="1.0" encoding="UTF-8"?>
<!-- Generated by org.testng.reporters.JUnitReportReporter -->
<testsuite hostname="JAGANSRINADHU" failures="0" tests="1" name="com.restcalls.org.PutCall" time="3.408" errors="0" timestamp="2024-01-01T22:39:30 IST" skipped="0">
  <testcase classname="com.restcalls.org.PutCall" name="putRequestUsingExtenalFile1" time="3.408"/>
</testsuite> <!-- com.restcalls.org.PutCall -->
